{"/Users/berkeguvenc/Documents/GitHub/backendguru/homework/homework-test/src/hava.ts": {"path":"/Users/berkeguvenc/Documents/GitHub/backendguru/homework/homework-test/src/hava.ts","statementMap":{"0":{"start":{"line":8,"column":14},"end":{"line":8,"column":74}},"1":{"start":{"line":9,"column":15},"end":{"line":9,"column":31}},"2":{"start":{"line":11,"column":2},"end":{"line":12,"column":null}},"3":{"start":{"line":12,"column":4},"end":{"line":12,"column":null}},"4":{"start":{"line":15,"column":2},"end":{"line":15,"column":null}}},"fnMap":{"0":{"name":"havaDurumuGetir","decl":{"start":{"line":7,"column":22},"end":{"line":7,"column":38}},"loc":{"start":{"line":7,"column":74},"end":{"line":15,"column":null}},"line":7}},"branchMap":{"0":{"loc":{"start":{"line":11,"column":2},"end":{"line":12,"column":null}},"type":"if","locations":[{"start":{"line":11,"column":2},"end":{"line":12,"column":null}},{"start":{},"end":{}}],"line":11}},"s":{"0":4,"1":3,"2":3,"3":1,"4":2},"f":{"0":4},"b":{"0":[1,2]},"meta":{"lastBranch":1,"lastFunction":1,"lastStatement":5,"seen":{"f:7:22:7:38":0,"s:8:14:8:74":0,"s:9:15:9:31":1,"b:11:2:12:Infinity:undefined:undefined:undefined:undefined":0,"s:11:2:12:Infinity":2,"s:12:4:12:Infinity":3,"s:15:2:15:Infinity":4}}}
,"/Users/berkeguvenc/Documents/GitHub/backendguru/homework/homework-test/src/selam.ts": {"path":"/Users/berkeguvenc/Documents/GitHub/backendguru/homework/homework-test/src/selam.ts","statementMap":{"0":{"start":{"line":2,"column":15},"end":{"line":2,"column":25}},"1":{"start":{"line":3,"column":15},"end":{"line":3,"column":30}},"2":{"start":{"line":4,"column":14},"end":{"line":4,"column":27}},"3":{"start":{"line":5,"column":21},"end":{"line":5,"column":null}},"4":{"start":{"line":7,"column":2},"end":{"line":10,"column":null}},"5":{"start":{"line":8,"column":4},"end":{"line":10,"column":null}},"6":{"start":{"line":13,"column":2},"end":{"line":13,"column":null}},"7":{"start":{"line":13,"column":31},"end":{"line":13,"column":null}},"8":{"start":{"line":14,"column":2},"end":{"line":14,"column":null}},"9":{"start":{"line":14,"column":31},"end":{"line":14,"column":null}},"10":{"start":{"line":16,"column":2},"end":{"line":16,"column":null}}},"fnMap":{"0":{"name":"selamla","decl":{"start":{"line":1,"column":16},"end":{"line":1,"column":24}},"loc":{"start":{"line":1,"column":46},"end":{"line":16,"column":null}},"line":1}},"branchMap":{"0":{"loc":{"start":{"line":5,"column":21},"end":{"line":5,"column":null}},"type":"binary-expr","locations":[{"start":{"line":5,"column":21},"end":{"line":5,"column":33}},{"start":{"line":5,"column":33},"end":{"line":5,"column":null}}],"line":5},"1":{"loc":{"start":{"line":7,"column":2},"end":{"line":10,"column":null}},"type":"if","locations":[{"start":{"line":7,"column":2},"end":{"line":10,"column":null}},{"start":{},"end":{}}],"line":7},"2":{"loc":{"start":{"line":7,"column":6},"end":{"line":7,"column":30}},"type":"binary-expr","locations":[{"start":{"line":7,"column":6},"end":{"line":7,"column":19}},{"start":{"line":7,"column":19},"end":{"line":7,"column":30}}],"line":7},"3":{"loc":{"start":{"line":8,"column":11},"end":{"line":10,"column":null}},"type":"cond-expr","locations":[{"start":{"line":9,"column":8},"end":{"line":9,"column":null}},{"start":{"line":10,"column":8},"end":{"line":10,"column":null}}],"line":8},"4":{"loc":{"start":{"line":13,"column":2},"end":{"line":13,"column":null}},"type":"if","locations":[{"start":{"line":13,"column":2},"end":{"line":13,"column":null}},{"start":{},"end":{}}],"line":13},"5":{"loc":{"start":{"line":13,"column":6},"end":{"line":13,"column":31}},"type":"binary-expr","locations":[{"start":{"line":13,"column":6},"end":{"line":13,"column":20}},{"start":{"line":13,"column":20},"end":{"line":13,"column":31}}],"line":13},"6":{"loc":{"start":{"line":14,"column":2},"end":{"line":14,"column":null}},"type":"if","locations":[{"start":{"line":14,"column":2},"end":{"line":14,"column":null}},{"start":{},"end":{}}],"line":14},"7":{"loc":{"start":{"line":14,"column":6},"end":{"line":14,"column":31}},"type":"binary-expr","locations":[{"start":{"line":14,"column":6},"end":{"line":14,"column":20}},{"start":{"line":14,"column":20},"end":{"line":14,"column":31}}],"line":14}},"s":{"0":5,"1":5,"2":5,"3":5,"4":5,"5":2,"6":3,"7":1,"8":2,"9":1,"10":1},"f":{"0":5},"b":{"0":[5,5],"1":[2,3],"2":[5,5],"3":[1,1],"4":[1,2],"5":[3,3],"6":[1,1],"7":[2,2]},"meta":{"lastBranch":8,"lastFunction":1,"lastStatement":11,"seen":{"f:1:16:1:24":0,"s:2:15:2:25":0,"s:3:15:3:30":1,"s:4:14:4:27":2,"s:5:21:5:Infinity":3,"b:5:21:5:33:5:33:5:Infinity":0,"b:7:2:10:Infinity:undefined:undefined:undefined:undefined":1,"s:7:2:10:Infinity":4,"b:7:6:7:19:7:19:7:30":2,"s:8:4:10:Infinity":5,"b:9:8:9:Infinity:10:8:10:Infinity":3,"b:13:2:13:Infinity:undefined:undefined:undefined:undefined":4,"s:13:2:13:Infinity":6,"b:13:6:13:20:13:20:13:31":5,"s:13:31:13:Infinity":7,"b:14:2:14:Infinity:undefined:undefined:undefined:undefined":6,"s:14:2:14:Infinity":8,"b:14:6:14:20:14:20:14:31":7,"s:14:31:14:Infinity":9,"s:16:2:16:Infinity":10}}}
,"/Users/berkeguvenc/Documents/GitHub/backendguru/homework/homework-test/src/sepet.ts": {"path":"/Users/berkeguvenc/Documents/GitHub/backendguru/homework/homework-test/src/sepet.ts","statementMap":{"0":{"start":{"line":9,"column":20},"end":{"line":9,"column":66}},"1":{"start":{"line":9,"column":46},"end":{"line":9,"column":66}},"2":{"start":{"line":11,"column":2},"end":{"line":16,"column":null}},"3":{"start":{"line":12,"column":4},"end":{"line":14,"column":null}},"4":{"start":{"line":13,"column":6},"end":{"line":13,"column":null}},"5":{"start":{"line":16,"column":4},"end":{"line":16,"column":null}},"6":{"start":{"line":21,"column":2},"end":{"line":21,"column":null}},"7":{"start":{"line":21,"column":32},"end":{"line":21,"column":47}},"8":{"start":{"line":25,"column":2},"end":{"line":27,"column":null}},"9":{"start":{"line":26,"column":4},"end":{"line":26,"column":null}},"10":{"start":{"line":31,"column":2},"end":{"line":36,"column":null}},"11":{"start":{"line":32,"column":4},"end":{"line":32,"column":null}},"12":{"start":{"line":33,"column":9},"end":{"line":36,"column":null}},"13":{"start":{"line":34,"column":4},"end":{"line":34,"column":null}},"14":{"start":{"line":36,"column":4},"end":{"line":36,"column":null}},"15":{"start":{"line":41,"column":2},"end":{"line":41,"column":null}},"16":{"start":{"line":42,"column":2},"end":{"line":42,"column":null}}},"fnMap":{"0":{"name":"urunEkle","decl":{"start":{"line":8,"column":16},"end":{"line":8,"column":25}},"loc":{"start":{"line":8,"column":60},"end":{"line":16,"column":null}},"line":8},"1":{"name":"(anonymous_1)","decl":{"start":{"line":9,"column":26},"end":{"line":9,"column":37}},"loc":{"start":{"line":9,"column":46},"end":{"line":9,"column":66}},"line":9},"2":{"name":"(anonymous_2)","decl":{"start":{"line":12,"column":17},"end":{"line":12,"column":22}},"loc":{"start":{"line":13,"column":6},"end":{"line":13,"column":null}},"line":13},"3":{"name":"urunSil","decl":{"start":{"line":20,"column":16},"end":{"line":20,"column":24}},"loc":{"start":{"line":20,"column":59},"end":{"line":21,"column":null}},"line":20},"4":{"name":"(anonymous_4)","decl":{"start":{"line":21,"column":15},"end":{"line":21,"column":23}},"loc":{"start":{"line":21,"column":32},"end":{"line":21,"column":47}},"line":21},"5":{"name":"toplamHesapla","decl":{"start":{"line":24,"column":16},"end":{"line":24,"column":30}},"loc":{"start":{"line":24,"column":53},"end":{"line":27,"column":null}},"line":24},"6":{"name":"(anonymous_6)","decl":{"start":{"line":25,"column":15},"end":{"line":25,"column":23}},"loc":{"start":{"line":25,"column":40},"end":{"line":27,"column":7}},"line":25},"7":{"name":"indirimUygula","decl":{"start":{"line":30,"column":16},"end":{"line":30,"column":30}},"loc":{"start":{"line":30,"column":73},"end":{"line":36,"column":null}},"line":30},"8":{"name":"sepetiBosalt","decl":{"start":{"line":40,"column":16},"end":{"line":40,"column":29}},"loc":{"start":{"line":40,"column":52},"end":{"line":42,"column":null}},"line":40}},"branchMap":{"0":{"loc":{"start":{"line":11,"column":2},"end":{"line":16,"column":null}},"type":"if","locations":[{"start":{"line":11,"column":2},"end":{"line":16,"column":null}},{"start":{"line":15,"column":9},"end":{"line":16,"column":null}}],"line":11},"1":{"loc":{"start":{"line":13,"column":6},"end":{"line":13,"column":null}},"type":"cond-expr","locations":[{"start":{"line":13,"column":28},"end":{"line":13,"column":63}},{"start":{"line":13,"column":63},"end":{"line":13,"column":null}}],"line":13},"2":{"loc":{"start":{"line":31,"column":2},"end":{"line":36,"column":null}},"type":"if","locations":[{"start":{"line":31,"column":2},"end":{"line":36,"column":null}},{"start":{"line":33,"column":9},"end":{"line":36,"column":null}}],"line":31},"3":{"loc":{"start":{"line":33,"column":9},"end":{"line":36,"column":null}},"type":"if","locations":[{"start":{"line":33,"column":9},"end":{"line":36,"column":null}},{"start":{"line":35,"column":9},"end":{"line":36,"column":null}}],"line":33}},"s":{"0":2,"1":2,"2":2,"3":1,"4":3,"5":1,"6":2,"7":6,"8":2,"9":3,"10":3,"11":1,"12":2,"13":1,"14":1,"15":1,"16":1},"f":{"0":2,"1":2,"2":3,"3":2,"4":6,"5":2,"6":3,"7":3,"8":1},"b":{"0":[1,1],"1":[1,2],"2":[1,2],"3":[1,1]},"meta":{"lastBranch":4,"lastFunction":9,"lastStatement":17,"seen":{"f:8:16:8:25":0,"s:9:20:9:66":0,"f:9:26:9:37":1,"s:9:46:9:66":1,"b:11:2:16:Infinity:15:9:16:Infinity":0,"s:11:2:16:Infinity":2,"s:12:4:14:Infinity":3,"f:12:17:12:22":2,"s:13:6:13:Infinity":4,"b:13:28:13:63:13:63:13:Infinity":1,"s:16:4:16:Infinity":5,"f:20:16:20:24":3,"s:21:2:21:Infinity":6,"f:21:15:21:23":4,"s:21:32:21:47":7,"f:24:16:24:30":5,"s:25:2:27:Infinity":8,"f:25:15:25:23":6,"s:26:4:26:Infinity":9,"f:30:16:30:30":7,"b:31:2:36:Infinity:33:9:36:Infinity":2,"s:31:2:36:Infinity":10,"s:32:4:32:Infinity":11,"b:33:9:36:Infinity:35:9:36:Infinity":3,"s:33:9:36:Infinity":12,"s:34:4:34:Infinity":13,"s:36:4:36:Infinity":14,"f:40:16:40:29":8,"s:41:2:41:Infinity":15,"s:42:2:42:Infinity":16}}}
,"/Users/berkeguvenc/Documents/GitHub/backendguru/homework/homework-test/src/components/TodoList.tsx": {"path":"/Users/berkeguvenc/Documents/GitHub/backendguru/homework/homework-test/src/components/TodoList.tsx","statementMap":{"0":{"start":{"line":9,"column":13},"end":{"line":9,"column":null}},"1":{"start":{"line":11,"column":13},"end":{"line":62,"column":null}},"2":{"start":{"line":12,"column":16},"end":{"line":12,"column":48}},"3":{"start":{"line":13,"column":16},"end":{"line":13,"column":40}},"4":{"start":{"line":15,"column":8},"end":{"line":21,"column":null}},"5":{"start":{"line":16,"column":4},"end":{"line":16,"column":null}},"6":{"start":{"line":16,"column":29},"end":{"line":16,"column":null}},"7":{"start":{"line":17,"column":4},"end":{"line":20,"column":null}},"8":{"start":{"line":21,"column":4},"end":{"line":21,"column":null}},"9":{"start":{"line":24,"column":8},"end":{"line":29,"column":null}},"10":{"start":{"line":25,"column":4},"end":{"line":29,"column":null}},"11":{"start":{"line":27,"column":8},"end":{"line":27,"column":null}},"12":{"start":{"line":32,"column":8},"end":{"line":33,"column":null}},"13":{"start":{"line":33,"column":4},"end":{"line":33,"column":null}},"14":{"start":{"line":33,"column":36},"end":{"line":33,"column":51}},"15":{"start":{"line":36,"column":2},"end":{"line":62,"column":null}},"16":{"start":{"line":44,"column":27},"end":{"line":44,"column":null}},"17":{"start":{"line":50,"column":10},"end":{"line":59,"column":null}},"18":{"start":{"line":51,"column":33},"end":{"line":51,"column":54}},"19":{"start":{"line":58,"column":35},"end":{"line":58,"column":56}}},"fnMap":{"0":{"name":"(anonymous_0)","decl":{"start":{"line":11,"column":13},"end":{"line":11,"column":40}},"loc":{"start":{"line":11,"column":40},"end":{"line":62,"column":null}},"line":11},"1":{"name":"(anonymous_1)","decl":{"start":{"line":15,"column":8},"end":{"line":15,"column":26}},"loc":{"start":{"line":15,"column":26},"end":{"line":21,"column":null}},"line":15},"2":{"name":"(anonymous_2)","decl":{"start":{"line":24,"column":8},"end":{"line":24,"column":24}},"loc":{"start":{"line":24,"column":39},"end":{"line":29,"column":null}},"line":24},"3":{"name":"(anonymous_3)","decl":{"start":{"line":26,"column":12},"end":{"line":26,"column":17}},"loc":{"start":{"line":27,"column":8},"end":{"line":27,"column":null}},"line":27},"4":{"name":"(anonymous_4)","decl":{"start":{"line":32,"column":8},"end":{"line":32,"column":24}},"loc":{"start":{"line":32,"column":39},"end":{"line":33,"column":null}},"line":32},"5":{"name":"(anonymous_5)","decl":{"start":{"line":33,"column":19},"end":{"line":33,"column":27}},"loc":{"start":{"line":33,"column":36},"end":{"line":33,"column":51}},"line":33},"6":{"name":"(anonymous_6)","decl":{"start":{"line":44,"column":10},"end":{"line":44,"column":21}},"loc":{"start":{"line":44,"column":27},"end":{"line":44,"column":null}},"line":44},"7":{"name":"(anonymous_7)","decl":{"start":{"line":49,"column":15},"end":{"line":49,"column":20}},"loc":{"start":{"line":50,"column":10},"end":{"line":59,"column":null}},"line":50},"8":{"name":"(anonymous_8)","decl":{"start":{"line":51,"column":18},"end":{"line":51,"column":33}},"loc":{"start":{"line":51,"column":33},"end":{"line":51,"column":54}},"line":51},"9":{"name":"(anonymous_9)","decl":{"start":{"line":58,"column":20},"end":{"line":58,"column":35}},"loc":{"start":{"line":58,"column":35},"end":{"line":58,"column":56}},"line":58}},"branchMap":{"0":{"loc":{"start":{"line":16,"column":4},"end":{"line":16,"column":null}},"type":"if","locations":[{"start":{"line":16,"column":4},"end":{"line":16,"column":null}},{"start":{},"end":{}}],"line":16},"1":{"loc":{"start":{"line":27,"column":8},"end":{"line":27,"column":null}},"type":"cond-expr","locations":[{"start":{"line":27,"column":25},"end":{"line":27,"column":67}},{"start":{"line":27,"column":67},"end":{"line":27,"column":null}}],"line":27},"2":{"loc":{"start":{"line":52,"column":15},"end":{"line":55,"column":null}},"type":"cond-expr","locations":[{"start":{"line":53,"column":16},"end":{"line":55,"column":17}},{"start":{"line":55,"column":16},"end":{"line":55,"column":null}}],"line":52}},"s":{"0":1,"1":1,"2":42,"3":42,"4":42,"5":7,"6":1,"7":6,"8":6,"9":42,"10":1,"11":2,"12":42,"13":1,"14":1,"15":42,"16":28,"17":22,"18":1,"19":1},"f":{"0":42,"1":7,"2":1,"3":2,"4":1,"5":1,"6":28,"7":22,"8":1,"9":1},"b":{"0":[1,6],"1":[1,1],"2":[1,21]},"meta":{"lastBranch":3,"lastFunction":10,"lastStatement":20,"seen":{"s:9:13:9:Infinity":0,"s:11:13:62:Infinity":1,"f:11:13:11:40":0,"s:12:16:12:48":2,"s:13:16:13:40":3,"s:15:8:21:Infinity":4,"f:15:8:15:26":1,"b:16:4:16:Infinity:undefined:undefined:undefined:undefined":0,"s:16:4:16:Infinity":5,"s:16:29:16:Infinity":6,"s:17:4:20:Infinity":7,"s:21:4:21:Infinity":8,"s:24:8:29:Infinity":9,"f:24:8:24:24":2,"s:25:4:29:Infinity":10,"f:26:12:26:17":3,"s:27:8:27:Infinity":11,"b:27:25:27:67:27:67:27:Infinity":1,"s:32:8:33:Infinity":12,"f:32:8:32:24":4,"s:33:4:33:Infinity":13,"f:33:19:33:27":5,"s:33:36:33:51":14,"s:36:2:62:Infinity":15,"f:44:10:44:21":6,"s:44:27:44:Infinity":16,"f:49:15:49:20":7,"s:50:10:59:Infinity":17,"f:51:18:51:33":8,"s:51:33:51:54":18,"b:53:16:55:17:55:16:55:Infinity":2,"f:58:20:58:35":9,"s:58:35:58:56":19}}}
}
