{"/Users/berkeguvenc/Documents/GitHub/backendguru/homework/homework-test/src/sepet.ts": {"path":"/Users/berkeguvenc/Documents/GitHub/backendguru/homework/homework-test/src/sepet.ts","statementMap":{"0":{"start":{"line":9,"column":20},"end":{"line":9,"column":66}},"1":{"start":{"line":9,"column":46},"end":{"line":9,"column":66}},"2":{"start":{"line":11,"column":2},"end":{"line":16,"column":null}},"3":{"start":{"line":12,"column":4},"end":{"line":14,"column":null}},"4":{"start":{"line":13,"column":6},"end":{"line":13,"column":null}},"5":{"start":{"line":16,"column":4},"end":{"line":16,"column":null}},"6":{"start":{"line":21,"column":2},"end":{"line":21,"column":null}},"7":{"start":{"line":21,"column":32},"end":{"line":21,"column":47}},"8":{"start":{"line":25,"column":2},"end":{"line":27,"column":null}},"9":{"start":{"line":26,"column":4},"end":{"line":26,"column":null}},"10":{"start":{"line":31,"column":2},"end":{"line":36,"column":null}},"11":{"start":{"line":32,"column":4},"end":{"line":32,"column":null}},"12":{"start":{"line":33,"column":9},"end":{"line":36,"column":null}},"13":{"start":{"line":34,"column":4},"end":{"line":34,"column":null}},"14":{"start":{"line":36,"column":4},"end":{"line":36,"column":null}}},"fnMap":{"0":{"name":"urunEkle","decl":{"start":{"line":8,"column":16},"end":{"line":8,"column":25}},"loc":{"start":{"line":8,"column":60},"end":{"line":16,"column":null}},"line":8},"1":{"name":"(anonymous_1)","decl":{"start":{"line":9,"column":26},"end":{"line":9,"column":37}},"loc":{"start":{"line":9,"column":46},"end":{"line":9,"column":66}},"line":9},"2":{"name":"(anonymous_2)","decl":{"start":{"line":12,"column":17},"end":{"line":12,"column":22}},"loc":{"start":{"line":13,"column":6},"end":{"line":13,"column":null}},"line":13},"3":{"name":"urunSil","decl":{"start":{"line":20,"column":16},"end":{"line":20,"column":24}},"loc":{"start":{"line":20,"column":59},"end":{"line":21,"column":null}},"line":20},"4":{"name":"(anonymous_4)","decl":{"start":{"line":21,"column":15},"end":{"line":21,"column":23}},"loc":{"start":{"line":21,"column":32},"end":{"line":21,"column":47}},"line":21},"5":{"name":"toplamHesapla","decl":{"start":{"line":24,"column":16},"end":{"line":24,"column":30}},"loc":{"start":{"line":24,"column":53},"end":{"line":27,"column":null}},"line":24},"6":{"name":"(anonymous_6)","decl":{"start":{"line":25,"column":15},"end":{"line":25,"column":23}},"loc":{"start":{"line":25,"column":40},"end":{"line":27,"column":7}},"line":25},"7":{"name":"indirimUygula","decl":{"start":{"line":30,"column":16},"end":{"line":30,"column":30}},"loc":{"start":{"line":30,"column":73},"end":{"line":36,"column":null}},"line":30}},"branchMap":{"0":{"loc":{"start":{"line":11,"column":2},"end":{"line":16,"column":null}},"type":"if","locations":[{"start":{"line":11,"column":2},"end":{"line":16,"column":null}},{"start":{"line":15,"column":9},"end":{"line":16,"column":null}}],"line":11},"1":{"loc":{"start":{"line":13,"column":6},"end":{"line":13,"column":null}},"type":"cond-expr","locations":[{"start":{"line":13,"column":28},"end":{"line":13,"column":63}},{"start":{"line":13,"column":63},"end":{"line":13,"column":null}}],"line":13},"2":{"loc":{"start":{"line":31,"column":2},"end":{"line":36,"column":null}},"type":"if","locations":[{"start":{"line":31,"column":2},"end":{"line":36,"column":null}},{"start":{"line":33,"column":9},"end":{"line":36,"column":null}}],"line":31},"3":{"loc":{"start":{"line":33,"column":9},"end":{"line":36,"column":null}},"type":"if","locations":[{"start":{"line":33,"column":9},"end":{"line":36,"column":null}},{"start":{"line":35,"column":9},"end":{"line":36,"column":null}}],"line":33}},"s":{"0":2,"1":2,"2":2,"3":1,"4":3,"5":1,"6":2,"7":6,"8":2,"9":3,"10":3,"11":1,"12":2,"13":1,"14":1},"f":{"0":2,"1":2,"2":3,"3":2,"4":6,"5":2,"6":3,"7":3},"b":{"0":[1,1],"1":[1,2],"2":[1,2],"3":[1,1]},"meta":{"lastBranch":4,"lastFunction":8,"lastStatement":15,"seen":{"f:8:16:8:25":0,"s:9:20:9:66":0,"f:9:26:9:37":1,"s:9:46:9:66":1,"b:11:2:16:Infinity:15:9:16:Infinity":0,"s:11:2:16:Infinity":2,"s:12:4:14:Infinity":3,"f:12:17:12:22":2,"s:13:6:13:Infinity":4,"b:13:28:13:63:13:63:13:Infinity":1,"s:16:4:16:Infinity":5,"f:20:16:20:24":3,"s:21:2:21:Infinity":6,"f:21:15:21:23":4,"s:21:32:21:47":7,"f:24:16:24:30":5,"s:25:2:27:Infinity":8,"f:25:15:25:23":6,"s:26:4:26:Infinity":9,"f:30:16:30:30":7,"b:31:2:36:Infinity:33:9:36:Infinity":2,"s:31:2:36:Infinity":10,"s:32:4:32:Infinity":11,"b:33:9:36:Infinity:35:9:36:Infinity":3,"s:33:9:36:Infinity":12,"s:34:4:34:Infinity":13,"s:36:4:36:Infinity":14}}}
}
